Command line:
   nPC_isim_beh.exe
     -simmode  gui
     -simrunnum  0
     -socket  1065

Tue Oct 17 09:19:51 2017


 Elaboration Time: 0.109375 sec

 Current Memory Usage: 481.833 Meg

 Total Signals          : 4
 Total Nets             : 66
 Total Signal Drivers   : 1
 Total Blocks           : 2
 Total Primitive Blocks : 2
 Total Processes        : 1
 Total Traceable Variables  : 8
 Total Scalar Nets and Variables : 426
Total Line Count : 4

 Total Simulation Time: 0.15625 sec

 Current Memory Usage: 324.547 Meg

Tue Oct 17 09:20:02 2017

